$ turbo lint
тАв Running lint
тАв Remote caching disabled
lint: cache miss, executing 1d7edf1391d3ffca
lint: $ turbo lint
lint: тАв Running lint
lint: тАв Remote caching disabled
lint: lint: cache miss, executing ec71ab590b8a47ba
lint: lint: $ turbo lint
lint: lint: тАв Running lint
lint: lint: тАв Remote caching disabled
lint: lint: lint: cache miss, executing e9708c2ecf77e3a2
lint: lint: lint: $ turbo lint
lint: lint: lint: тАв Running lint
lint: lint: lint: тАв Remote caching disabled
lint: lint: lint: lint: cache miss, executing 04b64db0f7ad0f8b
lint: lint: lint: lint: $ turbo lint
lint: lint: lint: lint: тАв Running lint
lint: lint: lint: lint: тАв Remote caching disabled
lint: lint: lint: lint: lint: cache miss, executing dedaddbccd108268
lint: lint: lint: lint: lint: $ turbo lint
lint: lint: lint: lint: lint: "turbo" не является внутренней или внешней
lint: lint: lint: lint: lint: командой, исполняемой программой или пакетным файлом.
lint: lint: lint: lint: lint: error Command failed with exit code 1.
lint: lint: lint: lint: lint: info Visit https://yarnpkg.com/en/docs/cli/run for documentation about this command.
lint: lint: lint: lint: 
lint: lint: lint: lint: lint: ERROR: command finished with error: command (D:\Projects\Atorify\atorify) yarn run lint exited (1)
lint: lint: lint: lint: command (D:\Projects\Atorify\atorify) yarn run lint exited (1)
lint: lint: lint: lint:  Tasks:    0 successful, 1 total
lint: lint: lint: lint: Cached:    0 cached, 1 total
lint: lint: lint: lint:   Time:    1.153s 
lint: lint: lint: lint: 
lint: lint: lint: lint:  ERROR  run failed: command  exited (1)
lint: lint: lint: lint: error Command failed with exit code 1.
lint: lint: lint: lint: info Visit https://yarnpkg.com/en/docs/cli/run for documentation about this command.
lint: lint: lint: 
lint: lint: lint: lint: ERROR: command finished with error: command (D:\Projects\Atorify\atorify) yarn run lint exited (1)
lint: lint: lint: command (D:\Projects\Atorify\atorify) yarn run lint exited (1)
lint: lint: lint:  Tasks:    0 successful, 1 total
lint: lint: lint: Cached:    0 cached, 1 total
lint: lint: lint:   Time:    2.42s 
lint: lint: lint: 
lint: lint: lint:  ERROR  run failed: command  exited (1)
lint: lint: lint: error Command failed with exit code 1.
lint: lint: lint: info Visit https://yarnpkg.com/en/docs/cli/run for documentation about this command.
lint: lint: lint: ERROR: command finished with error: command (D:\Projects\Atorify\atorify) yarn run lint exited (1)
lint: lint: command (D:\Projects\Atorify\atorify) yarn run lint exited (1)
lint: lint: 
lint: lint:  Tasks:    0 successful, 1 total
lint: lint: Cached:    0 cached, 1 total
lint: lint:   Time:    3.76s 
lint: lint: 
lint: lint:  ERROR  run failed: command  exited (1)
lint: lint: error Command failed with exit code 1.
lint: lint: info Visit https://yarnpkg.com/en/docs/cli/run for documentation about this command.
lint: 
lint:  Tasks:    0 successful, 1 total
lint: lint: ERROR: command finished with error: command (D:\Projects\Atorify\atorify) yarn run lint exited (1)
lint: command (D:\Projects\Atorify\atorify) yarn run lint exited (1)
lint: Cached:    0 cached, 1 total
lint:   Time:    4.957s 
lint: 
lint:  ERROR  run failed: command  exited (1)
lint: error Command failed with exit code 1.
lint: info Visit https://yarnpkg.com/en/docs/cli/run for documentation about this command.
lint: ERROR: command finished with error: command (D:\Projects\Atorify\atorify) yarn run lint exited (1)
command (D:\Projects\Atorify\atorify) yarn run lint exited (1)

 Tasks:    0 successful, 1 total
Cached:    0 cached, 1 total
  Time:    6.178s 

 ERROR  run failed: command  exited (1)
error Command failed with exit code 1.
info Visit https://yarnpkg.com/en/docs/cli/run for documentation about this command.
sit https://yarnpkg.com/en/docs/cli/run for documentation about this command.
lint: lint: ERROR: command finished with error: command (D:\Projects\Atorify\atorify) yarn run lint exited (1)
lint: command (D:\Projects\Atorify\atorify) yarn run lint exited (1)
lint: 
lint:  Tasks:     error: command (D:\Projects\Atorify\atorify) yarn run lint exited (1)
lint: lint: lint: lint: lint: lint: command (D:\Projects\Atorify\atorify) yarn run lint exited (1)
lint: lint: lint: lint: lint: lint: 
lint: lint: lint: lint: lint: lint:  Tasks:    0 successful, 1 total
lint: lint: lint: lint: lint: lint: Cached:    0 cached, 1 total
lint: lint: lint: lint: lint: lint:   Time:    3.76s 
lint: lint: lint: lint: lint: lint: 
lint: lint: lint: lint: lint: lint:  ERROR  run failed: command  exited (1)
lint: lint: lint: lint: lint: lint: error Command failed with exit code 1.
lint: lint: lint: lint: lint: lint: info Visit https://yarnpkg.com/en/docs/cli/run for documentation about this command.
lint: lint: lint: lint: lint: 
lint: lint: lint: lint: lint:  Tasks:    0 successful, 1 total
lint: lint: lint: lint: lint: lint: ERROR: command finished with error: command (D:\Projects\Atorify\atorify) yarn run lint exited (1)
lint: lint: lint: lint: lint: command (D:\Projects\Atorify\atorify) yarn run lint exited (1)
lint: lint: lint: lint: lint: Cached:    0 cached, 1 total
lint: lint: lint: lint: lint:   Time:    4.957s 
lint: lint: lint: lint: lint: 
lint: lint: lint: lint: lint:  ERROR  run failed: command  exited (1)
lint: lint: lint: lint: lint: error Command failed with exit code 1.
lint: lint: lint: lint: lint: info Visit https://yarnpkg.com/en/docs/cli/run for documentation about this command.
lint: lint: lint: lint: lint: ERROR: command finished with error: command (D:\Projects\Atorify\atorify) yarn run lint exited (1)
lint: lint: lint: lint: command (D:\Projects\Atorify\atorify) yarn run lint exited (1)
lint: lint: lint: lint: 
lint: lint: lint: lint:  Tasks:    0 successful, 1 total
lint: lint: lint: lint: Cached:    0 cached, 1 total
lint: lint: lint: lint:   Time:    6.178s 
lint: lint: lint: lint: 
lint: lint: lint: lint:  ERROR  run failed: command  exited (1)
lint: lint: lint: lint: error Command failed with exit code 1.
lint: lint: lint: lint: info Visit https://yarnpkg.com/en/docs/cli/run for documentation about this command.
lint: lint: lint: lint: ERROR: command finished with error: command (D:\Projects\Atorify\atorify) yarn run lint exited (1)
lint: lint: lint: command (D:\Projects\Atorify\atorify) yarn run lint exited (1)
lint: lint: lint: 
lint: lint: lint:  Tasks:    0 successful, 1 total
lint: lint: lint: Cached:    0 cached, 1 total
lint: lint: lint:   Time:    7.415s 
lint: lint: lint: 
lint: lint: lint:  ERROR  run failed: command  exited (1)
lint: lint: lint: error Command failed with exit code 1.
lint: lint: lint: info Visit https://yarnpkg.com/en/docs/cli/run for documentation about this command.
lint: lint: lint: ERROR: command finished with error: command (D:\Projects\Atorify\atorify) yarn run lint exited (1)
lint: lint: command (D:\Projects\Atorify\atorify) yarn run lint exited (1)
lint: lint: 
lint: lint:  Tasks:    0 successful, 1 total
lint: lint: Cached:    0 cached, 1 total
lint: lint:   Time:    8.631s 
lint: lint: 
lint: lint:  ERROR  run failed: command  exited (1)
lint: lint: error Command failed with exit code 1.
lint: lint: info Visit https://yarnpkg.com/en/docs/cli/run for documentation about this command.
lint: 
lint:  Tasks:    0 successful, 1 total
lint: Cached:    0 cached, 1 total
lint: lint: ERROR: command finished with error: command (D:\Projects\Atorify\atorify) yarn run lint exited (1)
lint: command (D:\Projects\Atorify\atorify) yarn run lint exited (1)
lint:   Time:    9.885s 
lint: 
lint:  ERROR  run failed: command  exited (1)
lint: error Command failed with exit code 1.
lint: info Visit https://yarnpkg.com/en/docs/cli/run for documentation about this command.

 Tasks:    0 successful, 1 total
Cached:    0 cached, 1 total
  Time:    11.094s 

lint: ERROR: command finished with error: command (D:\Projects\Atorify\atorify) yarn run lint exited (1)
command (D:\Projects\Atorify\atorify) yarn run lint exited (1)
 ERROR  run failed: command  exited (1)
error Command failed with exit code 1.
info Visit https://yarnpkg.com/en/docs/cli/run for documentation about this command.
:t: lint: lint: lint: lint: lint: lint: ERROR: command finished with error: command (D:\Projects\Atorify\atorify) yarn run lint exited (1)
lint: lint: lint: lint: lint: lint: command (D:\Projects\Atorify\atorify) yarn run lint exited (1)
lint: lint: lint: lint: lint: lint: 
lint: lint: lint: lint: lint: lint:  Tasks:    0 successful, 1 total
lint: lint: lint: lint: lint: lint: Cached:    0 cached, 1 total
lint: lint: lint: lint: lint: lint:   Time:    7.415s 
lint: lint: lint: lint: lint: lint: 
lint: lint: lint: lint: lint: lint:  ERROR  run failed: command  exited (1)
lint: lint: lint: lint: lint: lint: error Command failed with exit code 1.
lint: lint: lint: lint: lint: lint: info Visit https://yarnpkg.com/en/docs/cli/run for documentation about this command.
lint: lint: lint: lint: lint: lint: ERROR: command finished with error: command (D:\Projects\Atorify\atorify) yarn run lint exited (1)
lint: lint: lint: lint: lint: command (D:\Projects\Atorify\atorify) yarn run lint exited (1)
lint: lint: lint: lint: lint: 
lint: lint: lint: lint: lint:  Tasks:    0 successful, 1 total
lint: lint: lint: lint: lint: Cached:    0 cached, 1 total
lint: lint: lint: lint: lint:   Time:    8.631s 
lint: lint: lint: lint: lint: 
lint: lint: lint: lint: lint:  ERROR  run failed: command  exited (1)
lint: lint: lint: lint: lint: error Command failed with exit code 1.
lint: lint: lint: lint: lint: info Visit https://yarnpkg.com/en/docs/cli/run for documentation about this command.
lint: lint: lint: lint: 
lint: lint: lint: lint:  Tasks:    0 successful, 1 total
lint: lint: lint: lint: Cached:    0 cached, 1 total
lint: lint: lint: lint: lint: ERROR: command finished with error: command (D:\Projects\Atorify\atorify) yarn run lint exited (1)
lint: lint: lint: lint: command (D:\Projects\Atorify\atorify) yarn run lint exited (1)
lint: lint: lint: lint:   Time:    9.885s 
lint: lint: lint: lint: 
lint: lint: lint: lint:  ERROR  run failed: command  exited (1)
lint: lint: lint: lint: error Command failed with exit code 1.
lint: lint: lint: lint: info Visit https://yarnpkg.com/en/docs/cli/run for documentation about this command.
lint: lint: lint: 
lint: lint: lint:  Tasks:    0 successful, 1 total
lint: lint: lint: Cached:    0 cached, 1 total
lint: lint: lint:   Time:    11.094s 
lint: lint: lint: 
lint: lint: lint: lint: ERROR: command finished with error: command (D:\Projects\Atorify\atorify) yarn run lint exited (1)
lint: lint: lint: command (D:\Projects\Atorify\atorify) yarn run lint exited (1)
lint: lint: lint:  ERROR  run failed: command  exited (1)
lint: lint: lint: error Command failed with exit code 1.
lint: lint: lint: info Visit https://yarnpkg.com/en/docs/cli/run for documentation about this command.
lint: lint: 
lint: lint:  Tasks:    0 successful, 1 total
lint: lint: Cached:    0 cached, 1 total
lint: lint:   Time:    12.29s 
lint: lint: 
lint: lint: lint: ERROR: command finished with error: command (D:\Projects\Atorify\atorify) yarn run lint exited (1)
lint: lint: command (D:\Projects\Atorify\atorify) yarn run lint exited (1)
lint: lint:  ERROR  run failed: command  exited (1)
lint: lint: error Command failed with exit code 1.
lint: lint: info Visit https://yarnpkg.com/en/docs/cli/run for documentation about this command.
lint: 
lint:  Tasks:    0 successful, 1 total
lint: Cached:    0 cached, 1 total
lint:   Time:    13.404s 
lint: 
lint: lint: ERROR: command finished with error: command (D:\Projects\Atorify\atorify) yarn run lint exited (1)
lint: command (D:\Projects\Atorify\atorify) yarn run lint exited (1)
lint:  ERROR  run failed: command  exited (1)
lint: error Command failed with exit code 1.
lint: info Visit https://yarnpkg.com/en/docs/cli/run for documentation about this command.
lint: ERROR: command finished with error: command (D:\Projects\Atorify\atorify) yarn run lint exited (1)
command (D:\Projects\Atorify\atorify) yarn run lint exited (1)

 Tasks:    0 successful, 1 total
Cached:    0 cached, 1 total
  Time:    14.506s 

 ERROR  run failed: command  exited (1)
error Command failed with exit code 1.
info Visit httpsed:    0 cached, 1 total
lint: lint: lint: lint: lint:   Time:    11.094s 
lint: lint: lint: lint: lint: 
lint: lint: lint: lint: lint: lint: ERROR: command finished with error: command (D:\Projects\Atorify\atorify) yarn run lint exited (1)
lint: lint: lint: lint: lint: command (D:\Projects\Atorify\atorify) yarn run lint exited (1)
lint: lint: lint: lint: lint:  ERROR  run failed: command  exited (1)
lint: lint: lint: lint: lint: error Command failed with exit code 1.
lint: lint: lint: lint: lint: info Visit https://yarnpkg.com/en/docs/cli/run for documentation about this command.
lint: lint: lint: lint: 
lint: lint: lint: lint:  Tasks:    0 successful, 1 total
lint: lint: lint: lint: Cached:    0 cached, 1 total
lint: lint: lint: lint:   Time:    12.29s 
lint: lint: lint: lint: 
lint: lint: lint: lint: lint: ERROR: command finished with error: command (D:\Projects\Atorify\atorify) yarn run lint exited (1)
lint: lint: lint: lint: command (D:\Projects\Atorify\atorify) yarn run lint exited (1)
lint: lint: lint: lint:  ERROR  run failed: command  exited (1)
lint: lint: lint: lint: error Command failed with exit code 1.
lint: lint: lint: lint: info Visit https://yarnpkg.com/en/docs/cli/run for documentation about this command.
lint: lint: lint: 
lint: lint: lint:  Tasks:    0 successful, 1 total
lint: lint: lint: Cached:    0 cached, 1 total
lint: lint: lint:   Time:    13.404s 
lint: lint: lint: 
lint: lint: lint: lint: ERROR: command finished with error: command (D:\Projects\Atorify\atorify) yarn run lint exited (1)
lint: lint: lint: command (D:\Projects\Atorify\atorify) yarn run lint exited (1)
lint: lint: lint:  ERROR  run failed: command  exited (1)
lint: lint: lint: error Command failed with exit code 1.
lint: lint: lint: info Visit https://yarnpkg.com/en/docs/cli/run for documentation about this command.
lint: lint: lint: ERROR: command finished with error: command (D:\Projects\Atorify\atorify) yarn run lint exited (1)
lint: lint: command (D:\Projects\Atorify\atorify) yarn run lint exited (1)
lint: lint: 
lint: lint:  Tasks:    0 successful, 1 total
lint: lint: Cached:    0 cached, 1 total
lint: lint:   Time:    14.506s 
lint: lint: 
lint: lint:  ERROR  run failed: command  exited (1)
lint: lint: error Command failed with exit code 1.
lint: lint: info Visit https://yarnpkg.com/en/docs/cli/run for documentation about this command.
lint: lint: ERROR: command finished with error: command (D:\Projects\Atorify\atorify) yarn run lint exited (1)
lint: command (D:\Projects\Atorify\atorify) yarn run lint exited (1)
lint: 
lint:  Tasks:    0 successful, 1 total
lint: Cached:    0 cached, 1 total
lint:   Time:    15.562s 
lint: 
lint:  ERROR  run failed: command  exited (1)
lint: error Command failed with exit code 1.
lint: info Visit https://yarnpkg.com/en/docs/cli/run for documentation about this command.
lint: ERROR: command finished with error: command (D:\Projects\Atorify\atorify) yarn run lint exited (1)
command (D:\Projects\Atorify\atorify) yarn run lint exited (1)

 Tasks:    0 successful, 1 total
Cached:    0 cached, 1 total
  Time:    16.566s 

 ERROR  run failed: command  exited (1)
error Command failed with exit code 1.
info Visit https://yarnpkg.com/en/docs/cli/run for documentation about this command.
    0 cached, 1 total
lint: lint: lint:   Time:    14.506s 
lint: lint: lint: 
lint: lint: lint:  ERROR  run failed: command  exited (1)
lint: lint: lint: error Command failed with exit code 1.
lint: lint: lint: info Visit https://yarnpkg.com/en/docs/cli/run for documentation about this command.
lint: lint: lint: ERROR: command finished with error: command (D:\Projects\Atorify\atorify) yarn run lint exited (1)
lint: lint: command (D:\Projects\Atorify\atorify) yarn run lint exited (1)
lint: lint: 
lint: lint:  Tasks:    0 successful, 1 total
lint: lint: Cached:    0 cached, 1 total
lint: lint:   Time:    15.562s 
lint: lint: 
lint: lint:  ERROR  run failed: command  exited (1)
lint: lint: error Command failed with exit code 1.
lint: lint: info Visit https://yarnpkg.com/en/docs/cli/run for documentation about this commation about this command.
lint: lint: lint: lint: lint: ERROR: command finished with error: command (D:\Projects\Atorify\atorify) yarn run lint exited (1)
lint: lint: lint: lint: command (D:\Projects\Atorify\atorify) yarn run lint exited (1)
lint: lint: lint: lint: 
lint: lint: lint: lint:  Tasks:    0 successful, 1 total
lint: lint: lint: lint: Cached:    0 cached, 1 total
lint: lint: lint: lint:   Time:    14.506s 
lint: lint: lint: lint: 
lint: lint: lint: lint:  ERROR  run failed: command  exited (1)
lint: lint: lint: lint: error Command failed with exit code 1.
lint: lint: lint: lint: info Visit https://yarnpkg.com/en/docs/cli/run for documentation about this command.
lint: lint: lint: lint: ERROR: command finished with error: command (D:\Projects\Atorify\atorify) yarn run lint exited (1)
lint: lint: lint: command (D:\Projects\Atorify\atorify) yarn run lint exited (1)
lint: lint: lint: 
lint: lint: lint:  Tasks:    0 successful, 1 total
lint: lint: lint: Cached:    0 cached, 1 total
lint: lint: lint:   Time:    15.562s 
lint: lint: lint: 
lint: lint: lint:  ERROR  run failed: command  exited (1)
lint: lint: lint: error Command failed with exit code 1.
lint: lint: lint: info Visit https://yarnpkg.com/en/docs/cli/run for documentation about this command.
lint: lint: lint: ERROR: command finished with error: command (D:\Projects\Atorify\atorify) yarn run lint exited (1)
lint: lint: command (D:\Projects\Atorify\atorify) yarn run lint exited (1)
lint: lint: 
lint: lint:  Tasks:    0 successful, 1 total
lint: lint: Cached:    0 cached, 1 total
lint: lint:   Time:    16.566s 
lint: lint: 
lint: lint:  ERROR  run failed: command  exited (1)
lint: lint: error Command failed with exit code 1.
lint: lint: info Visit https://yarnpkg.com/en/docs/cli/run for documentation about this command.
lint: lint: ERROR: command finished with error: command (D:\Projects\Atorify\atorify) yarn run lint exited (1)
lint: command (D:\Projects\Atorify\atorify) yarn run lint exited (1)
lint: 
lint:  Tasks:    0 successful, 1 total
lint: Cached:    0 cached, 1 total
lint:   Time:    17.535s 
lint: 
lint:  ERROR  run failed: command  exited (1)
lint: error Command failed with exit code 1.
lint: info Visit https://yarnpkg.com/en/docs/cli/run for documentation about this command.

 Tasks:    0 successful, 1 total
Cached:    0 cached, 1 total
  Time:    18.507s 

lint: ERROR: command finished with error: command (D:\Projects\Atorify\atorify) yarn run lint exited (1)
command (D:\Projects\Atorify\atorify) yarn run lint exited (1)
 ERROR  run failed: command  exited (1)
error Command failed with exit code 1.
info Visit https://yarnpkg.com/en/docs/cli/run for documentation about this command.
nt: lint: command (D:\Projects\Atorify\atorify) yarn run lint exited (1)
lint: lint: lint: 
lint: lint: lint:  Tasks:    0 successful, 1 total
lint: lint: lint: Cached:    0 cached, 1 total
lint: lint: lint:   Time:    16.566s 
lint: lint: lint: 
lint: lint: lint:  ERROR  run failed: command  exited (1)
lint: lint: lint: error Command failed with exit code 1.
lint: lint: lint: info Visit https://yarnpkg.com/en/docs/cli/run for documentation about this command.
lint: lint: lint: ERROR: command finished with error: command (D:\Projects\Atorify\atorify) yarn run lint exited (1)
lint: lint: command (D:\Projects\Atorify\atorify) yarn run lint exited (1)
lint: lint: 
lint: lint:  Tasks:    0 successful, 1 total
lint: lint: Cached:    0 cached, 1 total
lint: lint:   Time:    17.535s 
lint: lint: 
lint: lint:  ERROR  run failed: command  exited (1)
lint: lint: error Command failed with exit code 1.
lint: lint: info Visit https://yarnpkg.com/en/docs/cli/run for documentation about this command.
lint: 
lint:  Tasks:    0 successful, 1 total
lint: Cached:    0 cached, 1 total
lint:   Time:    18.507s 
lint: 
lint: lint: ERROR: command finished with error: command (D:\Projects\Atorify\atorify) yarn run lint exited (1)
lint: command (D:\Projects\Atorify\atorify) yarn run lint exited (1)
lint:  ERROR  run failed: command  exited (1)
lint: error Command failed with exit code 1.
lint:int exited (1)
lint: lint: lint: lint: 
lint: lint: lint: lint:  Tasks:    0 successful, 1 total
lint: lint: lint: lint: Cached:    0 cached, 1 total
lint: lint: lint: lint:   Time:    16.566s 
lint: lint: lint: lint: 
lint: lint: lint: lint:  ERROR  run failed: command  exited (1)
lint: lint: lint: lint: error Command failed with exit code 1.
lint: lint: lint: lint: info Visit https://yarnpkg.com/en/docs/cli/run for documentation about this command.
lint: lint: lint: lint: ERROR: command finished with error: command (D:\Projects\Atorify\atorify) yarn run lint exited (1)
lint: lint: lint: command (D:\Projects\Atorify\atorify) yarn run lint exited (1)
lint: lint: lint: 
lint: lint: lint:  Tasks:    0 successful, 1 total
lint: lint: lint: Cached:    0 cached, 1 total
lint: lint: lint:   Time:    17.535s 
lint: lint: lint: 
lint: lint: lint:  ERROR  run failed: command  exited (1)
lint: lint: lint: error Command failed with exit code 1.
lint: lint: lint: info Visit https://yarnpkg.com/en/docs/cli/run for documentation about this command.
lint: lint: 
lint: lint:  Tasks:    0 successful, 1 total
lint: lint: Cached:    0 cached, 1 total
lint: lint:   Time:    18.507s 
lint: lint: 
lint: lint: lint: ERROR: command finished with error: command (D:\Projects\Atorify\atorify) yarn run lint exited (1)
lint: lint: command (D:\Projects\Atorify\atorify) yarn run lint exited (1)
lint: lint:  ERROR  run failed: command  exited (1)
lint: lint: error Command failed with exit code 1.
lint: lint: info Visit https://yarnpkg.com/en/docs/cli/run for documentation about this command.
lint: 
lint: lint: ERROR: command finished with error: command (D:\Projects\Atorify\atorify) yarn run lint exited (1)
lint: command (D:\Projects\Atorify\atorify) yarn run lint exited (1)
lint:  Tasks:    0 successful, 1 total
lint:  ERROR  run failed: command  exited (1)
lint: Cached:    0 cached, 1 total
lint:   Time:    19.479s 
lint: 
lint: error Command failed with exit code 1.
lint: info Visit https://yarnpkg.com/en/docs/cli/run for documentation about this command.

 Tasks:    0 successful, 1 total
Cached:    0 cached, 1 total
  Time:    20.455s 

lint: ERROR: command finished with error: command (D:\Projects\Atorify\atorify) yarn run lint exited (1)
command (D:\Projects\Atorify\atorify) yarn run lint exited (1)
 ERROR  run failed: command  exited (1)
error Command failed with exit code 1.
info Visit https://yarnpkg.com/en/docs/cli/run for documentation about this command.
or documentation about this command.
lint: lint: lint: 
lint: lint: lint:  Tasks:    0 successful, 1 total
lint: lint: lint: Cached:    0 cached, 1 total
lint: lint: lint:   Time:    18.507s 
lint: lint: lint: 
lint: lint: lint: lint: ERROR: command finished with error: command (D:\Projects\Atorify\atorify) yarn run lint exited (1)
lint: lint: lint: command (D:\Projects\Atorify\atorify) yarn run lint exited (1)
lint: lint: lint:  ERROR  run failed: command  exited (1)
lint: lint: lint: error Command failed with exit code 1.
lint: lint: lint: info Visit https://yarnpkg.com/en/docs/cli/run for documentation about this command.
lint: lint: 
lint: lint: lint: ERROR: command finished with error: command (D:\Projects\Atorify\atorify) yarn run lint exited (1)
lint: lint: command (D:\Projects\Atorify\atorify) yarn run lint exited (1)
lint: lint:  Tasks:    0 successful, 1 total
lint: lint:  ERROR  run failed: command  exited (1)
lint: lint: Cached:    0 cached, 1 total
lint: lint:   Time:    19.479s 
lint: lint: 
lint: lint: error Command failed with exit code 1.
lint: lint: info Visit https://yarnpkg.com/en/docs/cli/run for documentation about this command.
lint: 
lint:  Tasks:    0 successful, 1 total
lint: Cached:    0 cached, 1 total
lint:   Time:    20.455s 
lint: 
lint: lint: ERROR: command finished with error: command (D:\Projects\Atorify\atorify) yarn run lint exited (1)
lint: command (D:\Projects\Atorify\atorify) yarn run lint exited (1)
lint:  ERROR  run failed: command  exited (1)
lint: error Command failed with exit code 1.
lint: info Visit https://yarnpkg.com/en/docs/cli/run for docume 1 total
lint: lint: lint: lint: Cached:    0 cached, 1 total
lint: lint: lint: lint:   Time:    18.507s 
lint: lint: lint: lint: 
lint: lint: lint: lint: lint: ERROR: command finished with error: command (D:\Projects\Atorify\atorify) yarn run lint exited (1)
lint: lint: lint: lint: command (D:\Projects\Atorify\atorify) yarn run lint exited (1)
lint: lint: lint: lint:  ERROR  run failed: command  exited (1)
lint: lint: lint: lint: error Command failed with exit code 1.
lint: lint: lint: lint: info Visit https://yarnpkg.com/en/docs/cli/run for documentation about this command.
lint: lint: lint: 
lint: lint: lint: lint: ERROR: command finished with error: command (D:\Projects\Atorify\atorify) yarn run lint exited (1)
lint: lint: lint: command (D:\Projects\Atorify\atorify) yarn run lint exited (1)
lint: lint: lint:  Tasks:    0 successful, 1 total
lint: lint: lint:  ERROR  run failed: command  exited (1)
lint: lint: lint: Cached:    0 cached, 1 total
lint: lint: lint:   Time:    19.479s 
lint: lint: lint: 
lint: lint: lint: error Command failed with exit code 1.
lint: lint: lint: info Visit https://yarnpkg.com/en/docs/cli/run for documentation about this command.
lint: lint: 
lint: lint:  Tasks:    0 successful, 1 total
lint: lint: Cached:    0 cached, 1 total
lint: lint:   Time:    20.455s 
lint: lint: 
lint: lint: lint: ERROR: command finished with error: command (D:\Projects\Atorify\atorify) yarn run lint exited (1)
lint: lint: command (D:\Projects\Atorify\atorify) yarn run lint exited (1)
lint: lint:  ERROR  run failed: command  exited (1)
lint: lint: error Command failed with exit code 1.
lint: lint: info Visit https://yarnpkg.com/en/docs/cli/run for documentation about this command.
lint: 
lint: lint: ERROR: command finished with error: command (D:\Projects\Atorify\atorify) yarn run lint exited (1)
lint: command (D:\Projects\Atorify\atorify) yarn run lint exited (1)
lint:  Tasks:    0 successful, 1 total
lint: Cached:    0 cached, 1 total
lint:   Time:    21.333s 
lint: 
lint:  ERROR  run failed: command  exited (1)
lint: error Command failed with exit code 1.
lint: info Visit https://yarnpkg.com/en/docs/cli/run for documentation about this command.
lint: ERROR: command finished with error: command (D:\Projects\Atorify\atorify) yarn run lint exited (1)
command (D:\Projects\Atorify\atorify) yarn run lint exited (1)

 ERROR  run failed: command  exited (1)
 Tasks:    0 successful, 1 total
Cached:    0 cached, 1 total
  Time:    22.249s 

error Command failed with exit code 1.
info Visit https://yarnpkg.com/en/docs/cli/run for documentation about this command.
